%-4r [main] INFO  de.uni_leipzig.dbs.formRepository.evals.ReuseEvaluation  -reuse of 3100 clusters
%-4r [main] INFO  de.uni_leipzig.dbs.formRepository.evals.ReuseEvaluation  -[GenericProperty [name=representant, scope=N/A, id=-2, language=EN]]
%-4r [main] INFO  de.uni_leipzig.dbs.formRepository.evals.ReuseEvaluation  -reuse of 3100 clusters
%-4r [main] INFO  de.uni_leipzig.dbs.formRepository.evals.ReuseEvaluation  -[GenericProperty [name=representant, scope=N/A, id=-2, language=EN]]
%-4r [main] INFO  de.uni_leipzig.dbs.formRepository.evals.ReuseEvaluation  -reuse of 3100 clusters
%-4r [main] INFO  de.uni_leipzig.dbs.formRepository.evals.ReuseEvaluation  -[GenericProperty [name=representant, scope=N/A, id=-2, language=EN]]
%-4r [main] INFO  de.uni_leipzig.dbs.formRepository.evals.ReuseEvaluation  -reuse of 3100 clusters
%-4r [main] INFO  de.uni_leipzig.dbs.formRepository.evals.ReuseEvaluation  -[GenericProperty [name=representant, scope=N/A, id=-2, language=EN]]
%-4r [main] INFO  de.uni_leipzig.dbs.formRepository.evals.ReuseEvaluation  -threshold=0.55
%-4r [main] INFO  de.uni_leipzig.dbs.formRepository.evals.ReuseEvaluation  -context_depth=1
%-4r [main] INFO  de.uni_leipzig.dbs.formRepository.evals.ReuseEvaluation  -number of general concepts: 12853
%-4r [main] INFO  de.uni_leipzig.dbs.formRepository.evals.ReuseEvaluation  -threshold=0.55
%-4r [main] INFO  de.uni_leipzig.dbs.formRepository.evals.ReuseEvaluation  -context_depth=1
%-4r [main] INFO  de.uni_leipzig.dbs.formRepository.evals.ReuseEvaluation  -number of general concepts: 12853
%-4r [main] INFO  de.uni_leipzig.dbs.formRepository.evals.ReuseEvaluation  -threshold=0.55
%-4r [main] INFO  de.uni_leipzig.dbs.formRepository.evals.ReuseEvaluation  -context_depth=1
%-4r [main] INFO  de.uni_leipzig.dbs.formRepository.evals.ReuseEvaluation  -number of general concepts: 12853
%-4r [main] INFO  de.uni_leipzig.dbs.formRepository.evals.ReuseEvaluation  -avgSize: 2.245301
%-4r [main] INFO  de.uni_leipzig.dbs.formRepository.evals.ReuseEvaluation  -general concepts: 497
%-4r [main] INFO  de.uni_leipzig.dbs.formRepository.evals.ReuseEvaluation  -reuse of 2603 clusters
%-4r [main] INFO  de.uni_leipzig.dbs.formRepository.evals.ReuseEvaluation  -[GenericProperty [name=representant, scope=N/A, id=-2, language=EN]]
%-4r [main] INFO  de.uni_leipzig.dbs.formRepository.evals.ReuseEvaluation  -calculates token similarity...
%-4r [main] INFO  de.uni_leipzig.dbs.formRepository.matching.lookup.TokenSimilarityLookup  -10141
%-4r [main] INFO  de.uni_leipzig.dbs.formRepository.matching.lookup.TokenSimilarityLookup  -word src: 10141
%-4r [main] INFO  de.uni_leipzig.dbs.formRepository.matching.lookup.TokenSimilarityLookup  -target word: 2706
%-4r [main] INFO  de.uni_leipzig.dbs.formRepository.matching.lookup.TokenSimilarityLookup  -sim words:5858
%-4r [main] INFO  de.uni_leipzig.dbs.formRepository.evals.ReuseEvaluation  -token lookup built
%-4r [main] INFO  de.uni_leipzig.dbs.formRepository.matching.lookup.TokenSimilarityLookup  -10141
%-4r [main] INFO  de.uni_leipzig.dbs.formRepository.matching.lookup.TokenSimilarityLookup  -word src: 10141
%-4r [main] INFO  de.uni_leipzig.dbs.formRepository.matching.lookup.TokenSimilarityLookup  -target word: 560160
%-4r [main] INFO  de.uni_leipzig.dbs.formRepository.matching.lookup.TokenSimilarityLookup  -sim words:59945
%-4r [main] INFO  de.uni_leipzig.dbs.formRepository.evals.ReuseEvaluation  -calcualte umls lookup ready
%-4r [main] INFO  de.uni_leipzig.dbs.formRepository.evals.ReuseEvaluation  -number of annotated concepts: 558
%-4r [main] INFO  de.uni_leipzig.dbs.formRepository.api.graph.RDBMS_GraphAPI  -{energy_used_by=41, has_contraindicated_drug=2273, alias_of=11, alternative_of=5, has_print_name=23, expanded_form_of=2, is_cytogenetic_abnormality_of_disease=10, moved_from=289, cause_of=446, disease_may_have_molecular_abnormality=143, pathogenesis_of_disease_involves_gene=5, disease_is_stage=750, gene_product_encoded_by_gene=147, has_access=56, associated_with_malfunction_of_gene_product=20, has_finding_method=5140, has_divisor=1, completely_excised_anatomy_has_procedure=26, contains=156, has_entry_combination=94, is_not_molecular_abnormality_of_disease=40, approach_of=1, procedure_may_have_excised_anatomy=2, has_indirect_morphology=2, interprets=10758, clinician_form_of=44, has_mechanism_of_action=570, see=98, has_dose_form=3, gene_mapped_to_disease=159, gene_product_plays_role_in_biological_process=74, has_inactive_ingredient=61, icd_asterisk=4, has_therapeutic_class=414, property_of=1, active_ingredient_of=4719, regulates=3, has_expected_outcome=15, isa=101857, may_diagnose=295, is_physiologic_effect_of_chemical_or_drug=5, has_finding_context=68, other_mapped_to=297, has_procedure_morphology=10, gene_product_has_associated_anatomy=26, permuted_term_of=1, has_occurrence=27, may_be_associated_disease_of_disease=102, has_evaluation=1, branch_of=1, has_interpretation=709, disease_excludes_molecular_abnormality=34, chemical_structure_of=823, has_mapping_qualifier=5, is_grade_of_disease=6, form_of=1065, attributed_part_of=19, partially_excised_anatomy_has_procedure=37, has_systemic_part=9, has_causative_agent=10520, chemical_or_drug_has_mechanism_of_action=403, other_mapped_from=251, has_temporal_context=79, target_anatomy_has_procedure=107, is_molecular_abnormality_of_disease=85, specimen_procedure_of=81, regimen_has_accepted_use_for_disease=64, class_of=6, supersystem_of=7, ingredients_of=55, analyzed_by=57, finding_context_of=80, has_gene_product_element=15, has_member=2489, subject_relationship_context_of=783, has_direct_procedure_site=1427, primary_mapped_to=427, has_specimen_substance=23, disease_has_abnormal_cell=2708, contraindicated_with_disease=9827, disease_has_normal_cell_origin=1053, has_class=419, lab_number_of=4, possibly_equivalent_to=1339, may_be_abnormal_cell_of_disease=11, uses_energy=39, has_physiologic_state=59, has_inheritance_type=3, sign_or_symptom_of=11, anatomic_structure_is_physical_part_of=451, icd_dagger=42, has_tradename=883, method_of=6776, gene_product_has_organism_source=2, constitutional_part_of=4, is_stage_of_disease=190, may_be_treated_by=4342, has_system=1353, disease_excludes_primary_anatomic_site=127, has_method=15191, anatomic_structure_has_location=6, has_pathological_process=1718, role_has_domain=1, has_specimen=78, classifies=2151, procedure_has_target_anatomy=166, is_associated_disease_of=363, is_not_normal_tissue_origin_of_disease=3, part_of=1377, interpretation_of=62, has_procedure_site=2012, may_be_prevented_by=701, evaluation_of=6, procedure_may_have_completely_excised_anatomy=2, parent_is_nichd=197, is_not_abnormal_cell_of_disease=516, entry_combination_of=110, gene_product_has_chemical_classification=2, afferent_to=1, has_clinician_form=32, occurs_before=702, has_procedure_context=62, adjacent_to=2, severity_of=5, has_location=7, disease_excludes_normal_cell_origin=368, consists_of=210, venous_drainage_of=3, has_associated_finding=1599, procedure_has_excised_anatomy=149, procedure_device_of=12, excised_anatomy_may_have_procedure=2, has_consumer_friendly_form=31, has_lab_number=1, associated_genetic_condition=1, biological_process_has_associated_location=9, uses_substance=46, procedure_site_of=1811, has_permuted_term=1, temporally_follows=741, contraindicating_class_of=369, finding_method_of=3240, chemical_or_drug_is_metabolized_by_enzyme=181, has_tributary=40, biological_process_results_from_biological_process=7, disease_has_finding=826, clinical_course_of=331, biological_process_has_initiator_process=20, gene_product_expressed_in_tissue=165, has_contraindicating_class=385, tradename_of=962, systemic_part_of=7, has_subject_relationship_context=1441, excised_anatomy_has_procedure=41, disease_has_accepted_treatment_with_regimen=6, use=424, modifies=10, has_focus=754, has_definitional_manifestation=3144, pathological_process_of=1761, complex_has_physical_part=1, negatively_regulates=3, disease_is_grade=4, nerve_supply_of=1, member_of=2457, lymphatic_drainage_of=11, disease_excludes_abnormal_cell=488, biological_process_has_result_anatomy=20, has_transliterated_form=7, includes=57, constitutes=208, dose_form_of=1, has_specimen_procedure=138, has_associated_etiologic_finding=9, has_physiologic_effect=1371, consumer_friendly_form_of=27, disease_excludes_finding=309, focus_of=268, direct_substance_of=692, has_active_metabolites=35, ingredient_of=9606, has_specimen_source_topography=107, has_attributed_part=14, has_time_aspect=2, inherent_3d_shape_of=1, biological_process_has_result_chemical_or_drug=7, temporally_followed_by=222, associated_procedure_of=195, has_associated_procedure=275, disease_has_associated_disease=553, is_not_normal_cell_origin_of_disease=383, due_to=1104, procedure_has_partially_excised_anatomy=18, has_direct_substance=1792, gene_product_malfunction_associated_with_disease=135, specimen_substance_of=14, enzyme_metabolizes_chemical_or_drug=198, referred_to_by=28, suffix_of=60, positively_regulates=3, panel_element_of=1, is_location_of_anatomic_structure=3, may_be_diagnosed_by=19, induced_by=16, process_initiates_biological_process=22, has_ingredients=16, is_organism_source_of_gene_product=1, has_fragments_for_synonyms=678, gene_involved_in_molecular_abnormality=12, used_for=320, has_part=938, device_used_by=34, disease_excludes_normal_tissue_origin=3, has_answer=18, tissue_is_expression_site_of_gene_product=15, was_a=70, temporal_context_of=95, has_regional_part=13, procedure_has_completely_excised_anatomy=32, mechanism_of_action_of=546, bounded_by=3, may_treat=8215, has_recipient_category=3, expected_outcome_of=24, inactive_ingredient_of=60, is_abnormality_of_gene=11, disease_may_have_finding=1227, has_cdrh_parent=62, moved_to=263, location_of=11, gene_product_is_physical_part_of=2, specimen_of=83, has_severity=3, has_constitutional_part=2, quantified_form_of=11, indirect_procedure_site_of=251, biological_process_has_result_biological_process=9, anatomy_originated_from_biological_process=5, pharmacokinetics_of=13, direct_morphology_of=166, has_clinical_course=394, disease_has_associated_anatomic_site=3079, replaces=104, component_of=422, answer_to=9, is_not_finding_of_disease=334, modified_by=7, gene_product_has_biochemical_function=10, has_product_component=2269, is_associated_anatomy_of_gene_product=5, inverse_was_a=389, product_component_of=3222, gene_involved_in_pathogenesis_of_disease=45, therapeutic_class_of=33, parent_is_cdrh=101, related_to=1888, divisor_of=1, is_location_of_biological_process=8, metabolic_site_of=13, disease_may_have_associated_disease=250, disease_has_associated_gene=24, has_chemical_structure=1012, causative_agent_of=2886, refers_to=17, has_measured_component=91, system_of=27, gene_plays_role_in_process=89, biological_process_involves_gene_product=57, finding_site_of=10982, uses_device=14, site_of_metabolism=12, has_suffix=60, occurs_in=24, endogenous_product_related_to=1, has_quantified_form=11, disease_may_have_cytogenetic_abnormality=258, active_moiety_of=1225, is_not_primary_anatomic_site_of_disease=111, has_salt_form=621, gene_encodes_gene_product=164, has_finding_site=14717, is_related_to_endogenous_product=1, is_component_of_chemotherapy_regimen=40, has_nichd_parent=236, disease_mapped_to_gene=167, see_from=70, gene_is_biomarker_of=10, has_direct_device=843, occurs_after=1407, is_normal_cell_origin_of_disease=1102, onset_of=132, contraindicating_mechanism_of_action_of=21, has_expanded_form=2, disease_has_cytogenetic_abnormality=8, has_extent=9, gene_product_is_biomarker_of=7, has_supersystem=2576, biological_process_is_part_of_process=18, physiologic_effect_of=1412, completely_excised_anatomy_may_have_procedure=2, physiologic_state_of=14, time_aspect_of=3, may_be_molecular_abnormality_of_disease=162, concept_in_subset=2624, route_of_administration_of=2, has_direct_morphology=988, disease_may_have_abnormal_cell=10, direct_device_of=49, measures=126, has_form=357, is_abnormal_cell_of_disease=2823, has_active_ingredient=3646, has_associated_function=13, is_chemical_classification_of_gene_product=6, has_procedure_device=29, chemotherapy_regimen_has_component=477, course_of=156, gene_found_in_organism=4, has_intent=1845, used_by=14, active_metabolites_of=35, fragments_for_synonyms_of=12, bounds=5, is_mechanism_of_action_of_chemical_or_drug=406, associated_with=1786, is_primary_anatomic_site_of_disease=199, regional_part_of=20, eo_disease_maps_to_human_disease=14, has_alias=10, inheritance_type_of=7, precise_ingredient_of=60, may_be_finding_of_disease=282, mapping_qualifier_of=3, arterial_supply_of=2, disease_has_normal_tissue_origin=976, disease_has_primary_anatomic_site=237, disease_has_molecular_abnormality=77, replaced_by=95, tributary_of=40, has_measurement_method=1, direct_procedure_site_of=710, has_precise_ingredient=58, has_indirect_procedure_site=396, access_of=54, is_finding_of_disease=601, has_panel_element=3, measured_component_of=9, has_ingredient=12778, has_component=1782, procedure_context_of=16, is_associated_anatomic_site_of=2790, measurement_method_of=1, procedure_morphology_of=1, intent_of=1880, consider=1, efferent_to=1, measured_by=46, may_be_cytogenetic_abnormality_of_disease=293, has_free_acid_or_base_form=81, process_involves_gene=37, definitional_manifestation_of=2758, is_interpreted_by=3986, has_alternative=12, has_sign_or_symptom=6, sib_in_tributary_of=100, has_specimen_source_identity=138, is_biochemical_function_of_gene_product=16, molecular_abnormality_involves_gene=12, transliterated_form_of=8, induces=23, may_be_normal_cell_origin_of_disease=3, has_onset=195, has_contraindicating_mechanism_of_action=20, gene_product_affected_by_chemical_or_drug=2, contained_in=138, process_includes_biological_process=6, specimen_source_topography_of=29, associated_disease=5, subset_includes_concept=3190, associated_finding_of=473, has_property=1396, may_prevent=1999, classified_as=3571, disease_may_have_normal_cell_origin=3, included_in=34, gene_has_abnormality=11, has_route_of_administration=1, is_normal_tissue_origin_of_disease=1038, has_active_moiety=719, has_physical_part_of_anatomic_structure=380, has_manifestation=1441, has_branch=1, primary_mapped_from=304, associated_etiologic_finding_of=72, gene_associated_with_disease=597, has_pharmacokinetics=12, uses=13, manifestation_of=368, substance_used_by=1, has_course=144}
%-4r [main] INFO  de.uni_leipzig.dbs.formRepository.evals.ReuseEvaluation  -coocurrence count 334edges: 1170
%-4r [main] INFO  de.uni_leipzig.dbs.formRepository.evals.ReuseEvaluation  -semantic network count: 71670edges: 642078
%-4r [main] INFO  de.uni_leipzig.dbs.formRepository.evals.ReuseEvaluation  -item number10not annotated entities3
%-4r [main] INFO  de.uni_leipzig.dbs.formRepository.evals.ReuseEvaluation  -rest mapping:151for3
%-4r [main] INFO  de.uni_leipzig.dbs.formRepository.evals.ReuseEvaluation  -item number7not annotated entities2
%-4r [main] INFO  de.uni_leipzig.dbs.formRepository.evals.ReuseEvaluation  -rest mapping:1for2
%-4r [main] INFO  de.uni_leipzig.dbs.formRepository.evals.ReuseEvaluation  -item number4not annotated entities0
%-4r [main] INFO  de.uni_leipzig.dbs.formRepository.evals.ReuseEvaluation  -rest mapping:0for0
%-4r [main] INFO  de.uni_leipzig.dbs.formRepository.evals.ReuseEvaluation  -item number51not annotated entities10
%-4r [main] INFO  de.uni_leipzig.dbs.formRepository.evals.ReuseEvaluation  -rest mapping:86for10
%-4r [main] INFO  de.uni_leipzig.dbs.formRepository.evals.ReuseEvaluation  -item number5not annotated entities3
%-4r [main] INFO  de.uni_leipzig.dbs.formRepository.evals.ReuseEvaluation  -rest mapping:69for3
%-4r [main] INFO  de.uni_leipzig.dbs.formRepository.evals.ReuseEvaluation  -item number28not annotated entities7
%-4r [main] INFO  de.uni_leipzig.dbs.formRepository.evals.ReuseEvaluation  -rest mapping:3for7
%-4r [main] INFO  de.uni_leipzig.dbs.formRepository.evals.ReuseEvaluation  -item number10not annotated entities4
%-4r [main] INFO  de.uni_leipzig.dbs.formRepository.evals.ReuseEvaluation  -rest mapping:12for4
%-4r [main] INFO  de.uni_leipzig.dbs.formRepository.evals.ReuseEvaluation  -item number5not annotated entities1
%-4r [main] INFO  de.uni_leipzig.dbs.formRepository.evals.ReuseEvaluation  -rest mapping:20for1
%-4r [main] INFO  de.uni_leipzig.dbs.formRepository.evals.ReuseEvaluation  -item number3not annotated entities1
%-4r [main] INFO  de.uni_leipzig.dbs.formRepository.evals.ReuseEvaluation  -rest mapping:2for1
%-4r [main] INFO  de.uni_leipzig.dbs.formRepository.evals.ReuseEvaluation  -item number54not annotated entities6
%-4r [main] INFO  de.uni_leipzig.dbs.formRepository.evals.ReuseEvaluation  -rest mapping:54for6
%-4r [main] INFO  de.uni_leipzig.dbs.formRepository.evals.ReuseEvaluation  -item number7not annotated entities0
%-4r [main] INFO  de.uni_leipzig.dbs.formRepository.evals.ReuseEvaluation  -rest mapping:0for0
%-4r [main] INFO  de.uni_leipzig.dbs.formRepository.evals.ReuseEvaluation  -item number2not annotated entities0
%-4r [main] INFO  de.uni_leipzig.dbs.formRepository.evals.ReuseEvaluation  -rest mapping:0for0
%-4r [main] INFO  de.uni_leipzig.dbs.formRepository.evals.ReuseEvaluation  -item number6not annotated entities0
%-4r [main] INFO  de.uni_leipzig.dbs.formRepository.evals.ReuseEvaluation  -rest mapping:0for0
%-4r [main] INFO  de.uni_leipzig.dbs.formRepository.evals.ReuseEvaluation  -item number13not annotated entities7
%-4r [main] INFO  de.uni_leipzig.dbs.formRepository.evals.ReuseEvaluation  -rest mapping:310for7
%-4r [main] INFO  de.uni_leipzig.dbs.formRepository.evals.ReuseEvaluation  -item number13not annotated entities3
%-4r [main] INFO  de.uni_leipzig.dbs.formRepository.evals.ReuseEvaluation  -rest mapping:16for3
%-4r [main] INFO  de.uni_leipzig.dbs.formRepository.evals.ReuseEvaluation  -item number4not annotated entities1
%-4r [main] INFO  de.uni_leipzig.dbs.formRepository.evals.ReuseEvaluation  -rest mapping:3for1
%-4r [main] INFO  de.uni_leipzig.dbs.formRepository.evals.ReuseEvaluation  -item number11not annotated entities2
%-4r [main] INFO  de.uni_leipzig.dbs.formRepository.evals.ReuseEvaluation  -rest mapping:1for2
%-4r [main] INFO  de.uni_leipzig.dbs.formRepository.evals.ReuseEvaluation  -item number19not annotated entities1
%-4r [main] INFO  de.uni_leipzig.dbs.formRepository.evals.ReuseEvaluation  -rest mapping:0for1
%-4r [main] INFO  de.uni_leipzig.dbs.formRepository.evals.ReuseEvaluation  -item number6not annotated entities0
%-4r [main] INFO  de.uni_leipzig.dbs.formRepository.evals.ReuseEvaluation  -rest mapping:0for0
%-4r [main] INFO  de.uni_leipzig.dbs.formRepository.evals.ReuseEvaluation  -item number14not annotated entities3
%-4r [main] INFO  de.uni_leipzig.dbs.formRepository.evals.ReuseEvaluation  -rest mapping:21for3
%-4r [main] INFO  de.uni_leipzig.dbs.formRepository.evals.ReuseEvaluation  -item number30not annotated entities11
%-4r [main] INFO  de.uni_leipzig.dbs.formRepository.evals.ReuseEvaluation  -rest mapping:299for11
%-4r [main] INFO  de.uni_leipzig.dbs.formRepository.evals.ReuseEvaluation  -item number34not annotated entities1
%-4r [main] INFO  de.uni_leipzig.dbs.formRepository.evals.ReuseEvaluation  -rest mapping:10for1
%-4r [main] INFO  de.uni_leipzig.dbs.formRepository.evals.ReuseEvaluation  -item number34not annotated entities1
%-4r [main] INFO  de.uni_leipzig.dbs.formRepository.evals.ReuseEvaluation  -rest mapping:0for1
%-4r [main] INFO  de.uni_leipzig.dbs.formRepository.evals.ReuseEvaluation  -item number14not annotated entities3
%-4r [main] INFO  de.uni_leipzig.dbs.formRepository.evals.ReuseEvaluation  -rest mapping:0for3
%-4r [main] INFO  de.uni_leipzig.dbs.formRepository.evals.ReuseEvaluation  -not annotated items: 0
%-4r [main] INFO  de.uni_leipzig.dbs.formRepository.evals.ReuseEvaluation  -reference annoations: 433
%-4r [main] INFO  de.uni_leipzig.dbs.formRepository.evals.ReuseEvaluation  -444
%-4r [main] INFO  de.uni_leipzig.dbs.formRepository.evals.ReuseEvaluation  -0.43735763
%-4r [main] INFO  de.uni_leipzig.dbs.formRepository.evals.ReuseEvaluation  -preprocessing	269954
%-4r [main] INFO  de.uni_leipzig.dbs.formRepository.evals.ReuseEvaluation  -identification	792254
%-4r [main] INFO  de.uni_leipzig.dbs.formRepository.evals.ReuseEvaluation  -selection	762992
%-4r [main] INFO  de.uni_leipzig.dbs.formRepository.evals.ReuseEvaluation  -threshold=0.55
%-4r [main] INFO  de.uni_leipzig.dbs.formRepository.evals.ReuseEvaluation  -context_depth=1
%-4r [main] INFO  de.uni_leipzig.dbs.formRepository.evals.ReuseEvaluation  -number of general concepts: 12853
%-4r [main] INFO  de.uni_leipzig.dbs.formRepository.evals.ReuseEvaluation  -avgSize: 2.245301
%-4r [main] INFO  de.uni_leipzig.dbs.formRepository.evals.ReuseEvaluation  -general concepts: 497
%-4r [main] INFO  de.uni_leipzig.dbs.formRepository.evals.ReuseEvaluation  -reuse of 2603 clusters
%-4r [main] INFO  de.uni_leipzig.dbs.formRepository.evals.ReuseEvaluation  -[GenericProperty [name=representant, scope=N/A, id=-2, language=EN]]
%-4r [main] INFO  de.uni_leipzig.dbs.formRepository.evals.ReuseEvaluation  -calculates token similarity...
%-4r [main] INFO  de.uni_leipzig.dbs.formRepository.matching.lookup.TokenSimilarityLookup  -10141
%-4r [main] INFO  de.uni_leipzig.dbs.formRepository.matching.lookup.TokenSimilarityLookup  -word src: 10141
%-4r [main] INFO  de.uni_leipzig.dbs.formRepository.matching.lookup.TokenSimilarityLookup  -target word: 2706
%-4r [main] INFO  de.uni_leipzig.dbs.formRepository.matching.lookup.TokenSimilarityLookup  -sim words:5858
%-4r [main] INFO  de.uni_leipzig.dbs.formRepository.evals.ReuseEvaluation  -token lookup built
%-4r [main] INFO  de.uni_leipzig.dbs.formRepository.matching.lookup.TokenSimilarityLookup  -10141
%-4r [main] INFO  de.uni_leipzig.dbs.formRepository.matching.lookup.TokenSimilarityLookup  -word src: 10141
%-4r [main] INFO  de.uni_leipzig.dbs.formRepository.matching.lookup.TokenSimilarityLookup  -target word: 560160
